/home/code/CourseRemind/backgroundSystem/log/system_run_log.txt
[]
line29[{'course_name': '计算机网络', 'course_id': 13, 'begin_time': '1010', 'classroom': '雨课堂'}, {'course_name': '打卡', 'course_id': 57, 'begin_time': '0010', 'classroom': 'b'}]
邮件发送成功
加载
邮件发送成功
加载
邮件发送成功
加载
邮件发送成功
加载
邮件发送成功
加载
邮件发送成功
加载
邮件发送成功
加载
邮件发送成功
加载
邮件发送成功
加载
邮件发送成功
加载
邮件发送成功
加载
Error: 无法发送邮件
加载
Error: 无法发送邮件
加载
Error: 无法发送邮件
加载
Error: 无法发送邮件
加载
Error: 无法发送邮件
加载
Error: 无法发送邮件
加载
Error: 无法发送邮件
加载
Error: 无法发送邮件
加载
Error: 无法发送邮件
加载
Error: 无法发送邮件
加载
Error: 无法发送邮件
加载
Error: 无法发送邮件
加载
Error: 无法发送邮件
加载
Error: 无法发送邮件
加载
Error: 无法发送邮件
加载
Error: 无法发送邮件
加载
Error: 无法发送邮件
加载
Error: 无法发送邮件
加载
Error: 无法发送邮件
加载
Error: 无法发送邮件
加载
Error: 无法发送邮件
加载
Error: 无法发送邮件
加载
Error: 无法发送邮件
加载
Error: 无法发送邮件
加载
Error: 无法发送邮件
加载
Error: 无法发送邮件
加载
Error: 无法发送邮件
加载
Error: 无法发送邮件
加载
Error: 无法发送邮件
加载
Error: 无法发送邮件
加载
Error: 无法发送邮件
加载
Error: 无法发送邮件
加载
Error: 无法发送邮件
加载
Error: 无法发送邮件
加载
Error: 无法发送邮件
加载
Error: 无法发送邮件
加载
Error: 无法发送邮件
加载
Error: 无法发送邮件
加载
Error: 无法发送邮件
加载
Error: 无法发送邮件
加载
Error: 无法发送邮件
加载
Error: 无法发送邮件
加载
Error: 无法发送邮件
加载
Error: 无法发送邮件
加载
Error: 无法发送邮件
加载
Error: 无法发送邮件
加载
Error: 无法发送邮件
加载
Error: 无法发送邮件
加载
Error: 无法发送邮件
加载
Error: 无法发送邮件
加载
Error: 无法发送邮件
加载
Error: 无法发送邮件
加载
Error: 无法发送邮件
加载
Error: 无法发送邮件
加载
Error: 无法发送邮件
加载
Error: 无法发送邮件
加载
Error: 无法发送邮件
加载
Error: 无法发送邮件
加载
Error: 无法发送邮件
加载
Error: 无法发送邮件
加载
Error: 无法发送邮件
加载
Error: 无法发送邮件
加载
Error: 无法发送邮件
加载
Error: 无法发送邮件
加载
Error: 无法发送邮件
加载
Error: 无法发送邮件
加载
Error: 无法发送邮件
加载
Error: 无法发送邮件
加载
Error: 无法发送邮件
加载
Error: 无法发送邮件
加载
Error: 无法发送邮件
加载
Error: 无法发送邮件
加载
Error: 无法发送邮件
加载
Error: 无法发送邮件
加载
Error: 无法发送邮件
加载
Error: 无法发送邮件
加载
Error: 无法发送邮件
加载
Error: 无法发送邮件
加载
Error: 无法发送邮件
加载
Error: 无法发送邮件
加载
Error: 无法发送邮件
加载
Error: 无法发送邮件
加载
Error: 无法发送邮件
加载
Error: 无法发送邮件
加载
Error: 无法发送邮件
加载
Error: 无法发送邮件
加载
Error: 无法发送邮件
加载
Error: 无法发送邮件
加载
Error: 无法发送邮件
加载
Error: 无法发送邮件
加载
Error: 无法发送邮件
加载
Error: 无法发送邮件
加载
Error: 无法发送邮件
加载
Error: 无法发送邮件
加载
Error: 无法发送邮件
加载
Error: 无法发送邮件
加载
Error: 无法发送邮件
加载
Error: 无法发送邮件
加载
Error: 无法发送邮件
加载
Error: 无法发送邮件
加载
Error: 无法发送邮件
加载
Error: 无法发送邮件
加载
Error: 无法发送邮件
加载
Error: 无法发送邮件
加载
Error: 无法发送邮件
加载
Error: 无法发送邮件
加载
Error: 无法发送邮件
加载
Error: 无法发送邮件
加载
Error: 无法发送邮件
加载
Error: 无法发送邮件
加载
Error: 无法发送邮件
加载
Error: 无法发送邮件
加载
Error: 无法发送邮件
加载
Error: 无法发送邮件
加载
Error: 无法发送邮件
加载
Error: 无法发送邮件
加载
Error: 无法发送邮件
加载
Error: 无法发送邮件
加载
Error: 无法发送邮件
加载
Error: 无法发送邮件
加载
Error: 无法发送邮件
加载
Error: 无法发送邮件
加载
Error: 无法发送邮件
加载
Error: 无法发送邮件
加载
Error: 无法发送邮件
加载
Error: 无法发送邮件
加载
Error: 无法发送邮件
加载
Error: 无法发送邮件
加载
Error: 无法发送邮件
加载
Error: 无法发送邮件
加载
Error: 无法发送邮件
加载
Error: 无法发送邮件
加载
Error: 无法发送邮件
加载
Error: 无法发送邮件
加载
Error: 无法发送邮件
加载
Error: 无法发送邮件
加载
Error: 无法发送邮件
加载
Error: 无法发送邮件
加载
Error: 无法发送邮件
加载
Error: 无法发送邮件
加载
Error: 无法发送邮件
加载
Error: 无法发送邮件
加载
Error: 无法发送邮件
加载
Error: 无法发送邮件
加载
Error: 无法发送邮件
加载
Error: 无法发送邮件
加载
Error: 无法发送邮件
加载
Error: 无法发送邮件
加载
Error: 无法发送邮件
加载
Error: 无法发送邮件
加载
Error: 无法发送邮件
加载
Error: 无法发送邮件
加载
Error: 无法发送邮件
加载
Error: 无法发送邮件
加载
Error: 无法发送邮件
加载
Error: 无法发送邮件
加载
Error: 无法发送邮件
加载
Error: 无法发送邮件
加载
Error: 无法发送邮件
加载
Error: 无法发送邮件
加载
Error: 无法发送邮件
加载
Error: 无法发送邮件
加载
Error: 无法发送邮件
加载
Error: 无法发送邮件
加载
Error: 无法发送邮件
加载
Error: 无法发送邮件
加载
Error: 无法发送邮件
加载
Error: 无法发送邮件
加载
Error: 无法发送邮件
加载
Error: 无法发送邮件
加载
Error: 无法发送邮件
加载
Error: 无法发送邮件
加载
Error: 无法发送邮件
加载
Error: 无法发送邮件
加载
Error: 无法发送邮件
加载
Error: 无法发送邮件
加载
Error: 无法发送邮件
加载
Error: 无法发送邮件
加载
Error: 无法发送邮件
加载
Error: 无法发送邮件
加载
Error: 无法发送邮件
加载
Error: 无法发送邮件
加载
Error: 无法发送邮件
加载
Error: 无法发送邮件
加载
Error: 无法发送邮件
加载
Error: 无法发送邮件
加载
Error: 无法发送邮件
加载
Error: 无法发送邮件
加载
Error: 无法发送邮件
加载
Error: 无法发送邮件
加载
Error: 无法发送邮件
加载
Error: 无法发送邮件
加载
Error: 无法发送邮件
加载
Error: 无法发送邮件
加载
Error: 无法发送邮件
加载
Error: 无法发送邮件
加载
Error: 无法发送邮件
加载
Error: 无法发送邮件
加载
Error: 无法发送邮件
加载
Error: 无法发送邮件
加载
Error: 无法发送邮件
加载
Error: 无法发送邮件
加载
Error: 无法发送邮件
加载
Error: 无法发送邮件
加载
Error: 无法发送邮件
加载
Error: 无法发送邮件
加载
Error: 无法发送邮件
加载
Error: 无法发送邮件
加载
Error: 无法发送邮件
加载
Error: 无法发送邮件
加载
Error: 无法发送邮件
加载
Error: 无法发送邮件
加载
Error: 无法发送邮件
加载
Error: 无法发送邮件
加载
Error: 无法发送邮件
加载
Error: 无法发送邮件
加载
Error: 无法发送邮件
加载
Error: 无法发送邮件
加载
Error: 无法发送邮件
加载
Error: 无法发送邮件
加载
Error: 无法发送邮件
加载
Error: 无法发送邮件
加载
Error: 无法发送邮件
加载
Error: 无法发送邮件
加载
Error: 无法发送邮件
加载
Error: 无法发送邮件
加载
Error: 无法发送邮件
加载
Error: 无法发送邮件
加载
Error: 无法发送邮件
加载
Error: 无法发送邮件
加载
Error: 无法发送邮件
加载
Error: 无法发送邮件
加载
Error: 无法发送邮件
加载
Error: 无法发送邮件
加载
Error: 无法发送邮件
加载
Error: 无法发送邮件
加载
Error: 无法发送邮件
加载
Error: 无法发送邮件
加载
Error: 无法发送邮件
加载
Error: 无法发送邮件
加载
Error: 无法发送邮件
加载
Error: 无法发送邮件
加载
Error: 无法发送邮件
加载
Error: 无法发送邮件
加载
Error: 无法发送邮件
加载
Error: 无法发送邮件
加载
Error: 无法发送邮件
加载
Error: 无法发送邮件
加载
Error: 无法发送邮件
加载
Error: 无法发送邮件
加载
Error: 无法发送邮件
加载
Error: 无法发送邮件
加载
Error: 无法发送邮件
加载
Error: 无法发送邮件
加载
Error: 无法发送邮件
加载
Error: 无法发送邮件
加载
Error: 无法发送邮件
加载
Error: 无法发送邮件
加载
Error: 无法发送邮件
加载
Error: 无法发送邮件
加载
Error: 无法发送邮件
加载
Error: 无法发送邮件
加载
Error: 无法发送邮件
加载
Error: 无法发送邮件
加载
Error: 无法发送邮件
加载
Error: 无法发送邮件
加载
Error: 无法发送邮件
加载
Error: 无法发送邮件
加载
Error: 无法发送邮件
加载
Error: 无法发送邮件
加载
Error: 无法发送邮件
加载
Error: 无法发送邮件
加载
Error: 无法发送邮件
加载
Error: 无法发送邮件
加载
Error: 无法发送邮件
加载
Error: 无法发送邮件
加载
Error: 无法发送邮件
加载
Error: 无法发送邮件
加载
Error: 无法发送邮件
加载
Error: 无法发送邮件
加载
Error: 无法发送邮件
加载
Error: 无法发送邮件
加载
Error: 无法发送邮件
加载
Error: 无法发送邮件
加载
Error: 无法发送邮件
加载
Error: 无法发送邮件
加载
Error: 无法发送邮件
加载
Error: 无法发送邮件
加载
Error: 无法发送邮件
加载
Error: 无法发送邮件
加载
Error: 无法发送邮件
加载
Error: 无法发送邮件
加载
Error: 无法发送邮件
加载
Error: 无法发送邮件
加载
Error: 无法发送邮件
加载
Error: 无法发送邮件
加载
Error: 无法发送邮件
加载
Error: 无法发送邮件
加载
Error: 无法发送邮件
加载
Error: 无法发送邮件
加载
Error: 无法发送邮件
加载
Error: 无法发送邮件
加载
Error: 无法发送邮件
加载
Error: 无法发送邮件
加载
Error: 无法发送邮件
加载
Error: 无法发送邮件
加载
Error: 无法发送邮件
加载
Error: 无法发送邮件
加载
Error: 无法发送邮件
加载
Error: 无法发送邮件
加载
Error: 无法发送邮件
加载
Error: 无法发送邮件
加载
Error: 无法发送邮件
加载
Error: 无法发送邮件
加载
Error: 无法发送邮件
加载
Error: 无法发送邮件
加载
Error: 无法发送邮件
加载
Error: 无法发送邮件
加载
Error: 无法发送邮件
加载
Error: 无法发送邮件
加载
Error: 无法发送邮件
加载
Error: 无法发送邮件
加载
Error: 无法发送邮件
加载
Error: 无法发送邮件
加载
Error: 无法发送邮件
加载
Error: 无法发送邮件
加载
Error: 无法发送邮件
加载
Error: 无法发送邮件
加载
Error: 无法发送邮件
加载
Error: 无法发送邮件
加载
Error: 无法发送邮件
加载
Error: 无法发送邮件
加载
Error: 无法发送邮件
加载
Error: 无法发送邮件
加载
Error: 无法发送邮件
加载
Error: 无法发送邮件
加载
Error: 无法发送邮件
加载
Error: 无法发送邮件
加载
Error: 无法发送邮件
加载
Error: 无法发送邮件
加载
Error: 无法发送邮件
加载
Error: 无法发送邮件
加载
Error: 无法发送邮件
加载
Error: 无法发送邮件
加载
Error: 无法发送邮件
加载
Error: 无法发送邮件
加载
Error: 无法发送邮件
加载
Error: 无法发送邮件
加载
Error: 无法发送邮件
加载
Error: 无法发送邮件
加载
Error: 无法发送邮件
加载
Error: 无法发送邮件
加载
Error: 无法发送邮件
加载
Error: 无法发送邮件
加载
Error: 无法发送邮件
加载
Error: 无法发送邮件
加载
Error: 无法发送邮件
加载
Error: 无法发送邮件
加载
Error: 无法发送邮件
加载
Error: 无法发送邮件
加载
Error: 无法发送邮件
加载
Error: 无法发送邮件
加载
Error: 无法发送邮件
加载
Error: 无法发送邮件
加载
Error: 无法发送邮件
加载
Error: 无法发送邮件
加载
Error: 无法发送邮件
加载
Error: 无法发送邮件
加载
Error: 无法发送邮件
加载
Error: 无法发送邮件
加载
Error: 无法发送邮件
加载
Error: 无法发送邮件
加载
Error: 无法发送邮件
加载
Error: 无法发送邮件
加载
Error: 无法发送邮件
加载
Error: 无法发送邮件
加载
Error: 无法发送邮件
加载
Error: 无法发送邮件
加载
Error: 无法发送邮件
加载
Error: 无法发送邮件
Traceback (most recent call last):
  File "remind.py", line 113, in <module>
    remind = Remind()
  File "remind.py", line 16, in __init__
    self.whileRemind()
  File "remind.py", line 80, in whileRemind
    self.ema.sendEmail(self.database.getUserEmail(int(x['course_id'])),'电磁汪','订阅者','15分钟后有课',text)
  File "/home/code/CourseRemind/backgroundSystem/database_manage.py", line 86, in getUserEmail
    self.cursor.execute(sql)
  File "/usr/local/lib/python3.5/dist-packages/pymysql/cursors.py", line 170, in execute
    result = self._query(query)
  File "/usr/local/lib/python3.5/dist-packages/pymysql/cursors.py", line 328, in _query
    conn.query(q)
  File "/usr/local/lib/python3.5/dist-packages/pymysql/connections.py", line 517, in query
    self._affected_rows = self._read_query_result(unbuffered=unbuffered)
  File "/usr/local/lib/python3.5/dist-packages/pymysql/connections.py", line 732, in _read_query_result
    result.read()
  File "/usr/local/lib/python3.5/dist-packages/pymysql/connections.py", line 1075, in read
    first_packet = self.connection._read_packet()
  File "/usr/local/lib/python3.5/dist-packages/pymysql/connections.py", line 657, in _read_packet
    packet_header = self._read_bytes(4)
  File "/usr/local/lib/python3.5/dist-packages/pymysql/connections.py", line 707, in _read_bytes
    CR.CR_SERVER_LOST, "Lost connection to MySQL server during query")
pymysql.err.OperationalError: (2013, 'Lost connection to MySQL server during query')
